<?xml version="1.0" encoding="UTF-8"?>
<!-- Generated by org.testng.reporters.JUnitReportReporter -->
<testsuite hostname="DESKTOP-9H8GI7A" failures="0" tests="2" name="testng_programs.TestNG_Program1" time="51.527" errors="0" timestamp="2024-05-07T20:03:00 IST" skipped="0">
  <testcase classname="testng_programs.TestNG_Program1" name="launch_browser" time="29.472"/>
  <system-out/>
  <testcase classname="testng_programs.TestNG_Program1" name="launch_browser" time="22.055"/>
  <system-out/>
</testsuite> <!-- testng_programs.TestNG_Program1 -->
