<?xml version="1.0" encoding="UTF-8"?>
<!-- Generated by org.testng.reporters.JUnitReportReporter -->
<testsuite hostname="DESKTOP-9H8GI7A" failures="0" tests="1" name="selenium.Gmail" time="7.382" errors="0" timestamp="2024-05-20T20:39:18 IST" skipped="0">
  <testcase classname="selenium.Gmail" name="testcase1" time="7.382"/>
  <system-out/>
</testsuite> <!-- selenium.Gmail -->
