<?xml version="1.0" encoding="UTF-8"?>
<!-- Generated by org.testng.reporters.JUnitReportReporter -->
<testsuite hostname="DESKTOP-9H8GI7A" failures="0" tests="1" name="testng_programs.AmazonAssignment_On_Assertion" time="17.825" errors="0" timestamp="2024-05-08T20:30:52 IST" skipped="0">
  <testcase classname="testng_programs.AmazonAssignment_On_Assertion" name="testcase1" time="17.825"/>
  <system-out/>
</testsuite> <!-- testng_programs.AmazonAssignment_On_Assertion -->
