<?xml version="1.0" encoding="UTF-8"?>
<!-- Generated by org.testng.reporters.JUnitReportReporter -->
<testsuite hostname="DESKTOP-9H8GI7A" failures="0" tests="2" name="testng_programs.Google_launch_search" time="20.767" errors="0" timestamp="2024-05-03T08:02:22 IST" skipped="0">
  <testcase classname="testng_programs.Google_launch_search" name="testcase1" time="9.528"/>
  <system-out/>
  <testcase classname="testng_programs.Google_launch_search" name="testcase2" time="11.239"/>
  <system-out/>
</testsuite> <!-- testng_programs.Google_launch_search -->
