<?xml version="1.0" encoding="UTF-8"?>
<!-- Generated by org.testng.reporters.JUnitReportReporter -->
<testsuite hostname="DESKTOP-9H8GI7A" failures="0" tests="3" name="testng_programs.TestNG_Grouping" time="0.014" errors="0" timestamp="2024-05-07T20:19:16 IST" skipped="0">
  <testcase classname="testng_programs.TestNG_Grouping" name="testcase3" time="0.002"/>
  <system-out/>
  <testcase classname="testng_programs.TestNG_Grouping" name="testcase1" time="0.010"/>
  <system-out/>
  <testcase classname="testng_programs.TestNG_Grouping" name="testcase2" time="0.002"/>
  <system-out/>
</testsuite> <!-- testng_programs.TestNG_Grouping -->
