<?xml version="1.0" encoding="UTF-8"?>
<!-- Generated by org.testng.reporters.JUnitReportReporter -->
<testsuite hostname="DESKTOP-9H8GI7A" failures="0" tests="2" name="testng_programs.One" time="5.406" errors="0" timestamp="2024-05-02T20:35:31 IST" skipped="0">
  <testcase classname="testng_programs.One" name="logout_to_facbook" time="0.010"/>
  <system-out/>
  <testcase classname="testng_programs.One" name="login_to_facebook" time="5.396"/>
  <system-out/>
</testsuite> <!-- testng_programs.One -->
