<?xml version="1.0" encoding="UTF-8"?>
<!-- Generated by org.testng.reporters.JUnitReportReporter -->
<testsuite hostname="DESKTOP-9H8GI7A" failures="0" tests="8" name="testng_programs.DataProvider_TestNG" time="0.030" errors="0" timestamp="2024-05-12T18:23:35 IST" skipped="0">
  <testcase classname="testng_programs.DataProvider_TestNG" name="searching_onAmazon" time="0.009"/>
  <system-out/>
  <testcase classname="testng_programs.DataProvider_TestNG" name="searching_onAmazon" time="0.002"/>
  <system-out/>
  <testcase classname="testng_programs.DataProvider_TestNG" name="searching_onAmazon" time="0.004"/>
  <system-out/>
  <testcase classname="testng_programs.DataProvider_TestNG" name="searching_onAmazon" time="0.002"/>
  <system-out/>
  <testcase classname="testng_programs.DataProvider_TestNG" name="searching_onAmazon" time="0.002"/>
  <system-out/>
  <testcase classname="testng_programs.DataProvider_TestNG" name="searching_onAmazon" time="0.003"/>
  <system-out/>
  <testcase classname="testng_programs.DataProvider_TestNG" name="searching_onAmazon" time="0.004"/>
  <system-out/>
  <testcase classname="testng_programs.DataProvider_TestNG" name="searching_onAmazon" time="0.004"/>
  <system-out/>
</testsuite> <!-- testng_programs.DataProvider_TestNG -->
