<?xml version="1.0" encoding="UTF-8"?>
<!-- Generated by org.testng.reporters.JUnitReportReporter -->
<testsuite hostname="DESKTOP-9H8GI7A" failures="0" tests="3" name="testng_programs.DataProvider_Program" time="28.390" errors="0" timestamp="2024-05-09T08:14:46 IST" skipped="0">
  <testcase classname="testng_programs.DataProvider_Program" name="google_search" time="5.934"/>
  <system-out/>
  <testcase classname="testng_programs.DataProvider_Program" name="google_search" time="13.627"/>
  <system-out/>
  <testcase classname="testng_programs.DataProvider_Program" name="google_search" time="8.829"/>
  <system-out/>
</testsuite> <!-- testng_programs.DataProvider_Program -->
