<?xml version="1.0" encoding="UTF-8"?>
<!-- Generated by org.testng.reporters.JUnitReportReporter -->
<testsuite hostname="DESKTOP-9H8GI7A" failures="0" tests="10" name="testng_programs.DataProvider_10_PoliticianNames" time="68.305" errors="0" timestamp="2024-05-15T19:40:41 IST" skipped="0">
  <testcase classname="testng_programs.DataProvider_10_PoliticianNames" name="google_search" time="5.588"/>
  <system-out/>
  <testcase classname="testng_programs.DataProvider_10_PoliticianNames" name="google_search" time="5.616"/>
  <system-out/>
  <testcase classname="testng_programs.DataProvider_10_PoliticianNames" name="google_search" time="5.409"/>
  <system-out/>
  <testcase classname="testng_programs.DataProvider_10_PoliticianNames" name="google_search" time="6.343"/>
  <system-out/>
  <testcase classname="testng_programs.DataProvider_10_PoliticianNames" name="google_search" time="5.805"/>
  <system-out/>
  <testcase classname="testng_programs.DataProvider_10_PoliticianNames" name="google_search" time="7.183"/>
  <system-out/>
  <testcase classname="testng_programs.DataProvider_10_PoliticianNames" name="google_search" time="6.242"/>
  <system-out/>
  <testcase classname="testng_programs.DataProvider_10_PoliticianNames" name="google_search" time="8.945"/>
  <system-out/>
  <testcase classname="testng_programs.DataProvider_10_PoliticianNames" name="google_search" time="5.329"/>
  <system-out/>
  <testcase classname="testng_programs.DataProvider_10_PoliticianNames" name="google_search" time="11.845"/>
  <system-out/>
</testsuite> <!-- testng_programs.DataProvider_10_PoliticianNames -->
