<?xml version="1.0" encoding="UTF-8"?>
<!-- Generated by org.testng.reporters.JUnitReportReporter -->
<testsuite hostname="DESKTOP-9H8GI7A" failures="0" tests="1" name="ab40testfacebook.TestCase1" time="7.756" errors="0" timestamp="2024-05-15T07:23:26 IST" skipped="0">
  <testcase classname="ab40testfacebook.TestCase1" name="login_to_facebook" time="7.756"/>
  <system-out/>
</testsuite> <!-- ab40testfacebook.TestCase1 -->
